0 info it worked if it ends with ok
1 verbose cli [ '/home/radical/.nvm/versions/node/v6.11.0/bin/node',
1 verbose cli   '/home/radical/.nvm/versions/node/v6.11.0/bin/npm',
1 verbose cli   'access',
1 verbose cli   'restricted',
1 verbose cli   '@pg/three' ]
2 info using npm@3.10.10
3 info using node@v6.11.0
4 silly mapToRegistry name @pg/three
5 silly mapToRegistry scope (from package name) @pg
6 verbose mapToRegistry no registry URL found in name for scope @pg
7 silly mapToRegistry using default registry
8 silly mapToRegistry registry http://localhost:4873/
9 silly mapToRegistry data Result {
9 silly mapToRegistry   raw: '@pg/three',
9 silly mapToRegistry   scope: '@pg',
9 silly mapToRegistry   escapedName: '@pg%2fthree',
9 silly mapToRegistry   name: '@pg/three',
9 silly mapToRegistry   rawSpec: '',
9 silly mapToRegistry   spec: 'latest',
9 silly mapToRegistry   type: 'tag' }
10 silly mapToRegistry uri http://localhost:4873/@pg%2fthree
11 verbose request uri http://localhost:4873/-/package/%40pg%2Fthree/access
12 verbose request sending authorization for write operation
13 info attempt registry request try #1 at 4:17:07 PM
14 verbose request using bearer token for auth
15 verbose request id 2f170379495fafb5
16 http request POST http://localhost:4873/-/package/%40pg%2Fthree/access
17 http 404 http://localhost:4873/-/package/%40pg%2Fthree/access
18 verbose bad json <!DOCTYPE html>
18 verbose bad json <html lang="en">
18 verbose bad json <head>
18 verbose bad json <meta charset="utf-8">
18 verbose bad json <title>Error</title>
18 verbose bad json </head>
18 verbose bad json <body>
18 verbose bad json <pre>Cannot POST /-/package/%40pg%2Fthree/access</pre>
18 verbose bad json </body>
18 verbose bad json </html>
19 error registry error parsing json
20 verbose headers { 'x-powered-by': 'verdaccio/2.2.5',
20 verbose headers   'x-frame-options': 'deny',
20 verbose headers   'content-security-policy': 'default-src \'self\'',
20 verbose headers   'x-content-type-options': 'nosniff',
20 verbose headers   'content-type': 'text/html; charset=utf-8',
20 verbose headers   'content-length': '170',
20 verbose headers   vary: 'Accept-Encoding',
20 verbose headers   'x-status-cat': 'http://flic.kr/p/aV6juR',
20 verbose headers   date: 'Tue, 11 Jul 2017 10:47:07 GMT',
20 verbose headers   connection: 'keep-alive' }
21 verbose request invalidating /home/radical/.strong-registry/work.cache/localhost_4873/-/package/_2540pg_252Fthree/access on POST
22 verbose stack SyntaxError: Unexpected token < in JSON at position 0
22 verbose stack <!DOCTYPE html>
22 verbose stack <html lang="en">
22 verbose stack <head>
22 verbose stack <meta charset="utf-8">
22 verbose stack <title>Error</title>
22 verbose stack </head>
22 verbose stack <body>
22 verbose stack <pre>Cannot POST /-/package/%40pg%2Fthree/access</pre>
22 verbose stack </body>
22 verbose stack </html>
22 verbose stack
22 verbose stack     at Object.parse (native)
22 verbose stack     at CachingRegistryClient.<anonymous> (/home/radical/.nvm/versions/node/v6.11.0/lib/node_modules/npm/node_modules/npm-registry-client/lib/request.js:237:23)
22 verbose stack     at Request._callback (/home/radical/.nvm/versions/node/v6.11.0/lib/node_modules/npm/node_modules/npm-registry-client/lib/request.js:210:14)
22 verbose stack     at Request.self.callback (/home/radical/.nvm/versions/node/v6.11.0/lib/node_modules/npm/node_modules/request/request.js:187:22)
22 verbose stack     at emitTwo (events.js:106:13)
22 verbose stack     at Request.emit (events.js:191:7)
22 verbose stack     at Request.<anonymous> (/home/radical/.nvm/versions/node/v6.11.0/lib/node_modules/npm/node_modules/request/request.js:1048:10)
22 verbose stack     at emitOne (events.js:96:13)
22 verbose stack     at Request.emit (events.js:188:7)
22 verbose stack     at IncomingMessage.<anonymous> (/home/radical/.nvm/versions/node/v6.11.0/lib/node_modules/npm/node_modules/request/request.js:969:12)
23 verbose cwd /home/radical/playground/private-npm/package-access/pg-three
24 error Linux 4.8.0-58-generic
25 error argv "/home/radical/.nvm/versions/node/v6.11.0/bin/node" "/home/radical/.nvm/versions/node/v6.11.0/bin/npm" "access" "restricted" "@pg/three"
26 error node v6.11.0
27 error npm  v3.10.10
28 error Unexpected token < in JSON at position 0
28 error <!DOCTYPE html>
28 error <html lang="en">
28 error <head>
28 error <meta charset="utf-8">
28 error <title>Error</title>
28 error </head>
28 error <body>
28 error <pre>Cannot POST /-/package/%40pg%2Fthree/access</pre>
28 error </body>
28 error </html>
29 error If you need help, you may report this error at:
29 error     <https://github.com/npm/npm/issues>
30 verbose exit [ 1, true ]
